#
# There is insufficient memory for the Java Runtime Environment to continue.
# Native memory allocation (malloc) failed to allocate 1048576 bytes for AllocateHeap
# Possible reasons:
#   The system is out of physical RAM or swap space
#   The process is running with CompressedOops enabled, and the Java Heap may be blocking the growth of the native heap
# Possible solutions:
#   Reduce memory load on the system
#   Increase physical memory or swap space
#   Check if swap backing store is full
#   Decrease Java heap size (-Xmx/-Xms)
#   Decrease number of Java threads
#   Decrease Java thread stack sizes (-Xss)
#   Set larger code cache with -XX:ReservedCodeCacheSize=
#   JVM is running with Zero Based Compressed Oops mode in which the Java heap is
#     placed in the first 32GB address space. The Java Heap base address is the
#     maximum limit for the native heap growth. Please use -XX:HeapBaseMinAddress
#     to set the Java Heap base and to place the Java Heap above 32GB virtual address.
# This output file may be truncated or incomplete.
#
#  Out of Memory Error (memory/allocation.inline.hpp:61), pid=5332, tid=0x000000000000a138
#
# JRE version:  (8.0_301-b09) (build )
# Java VM: Java HotSpot(TM) 64-Bit Server VM (25.301-b09 mixed mode windows-amd64 compressed oops)
# Failed to write core dump. Minidumps are not enabled by default on client versions of Windows
#

---------------  T H R E A D  ---------------

Current thread (0x000001b479863800):  JavaThread "Unknown thread" [_thread_in_vm, id=41272, stack(0x0000005ebbb00000,0x0000005ebbc00000)]

Stack: [0x0000005ebbb00000,0x0000005ebbc00000]
Native frames: (J=compiled Java code, j=interpreted, Vv=VM code, C=native code)
V  [jvm.dll+0x32ed79]
V  [jvm.dll+0x275722]
V  [jvm.dll+0x2763cd]
V  [jvm.dll+0x26ce05]
V  [jvm.dll+0x509d]
V  [jvm.dll+0x3c964d]
V  [jvm.dll+0x3ca3ca]
V  [jvm.dll+0x3c6367]
V  [jvm.dll+0xfcdcf]
V  [jvm.dll+0x20a0bb]
V  [jvm.dll+0x238ae7]
V  [jvm.dll+0x162876]
C  [java.exe+0x2312]
C  [java.exe+0x15f54]
C  [KERNEL32.DLL+0x17034]
C  [ntdll.dll+0x52651]


---------------  P R O C E S S  ---------------

Java Threads: ( => current thread )

Other Threads:

=>0x000001b479863800 (exited) JavaThread "Unknown thread" [_thread_in_vm, id=41272, stack(0x0000005ebbb00000,0x0000005ebbc00000)]

VM state:not at safepoint (normal execution)

VM Mutex/Monitor currently owned by a thread: None

heap address: 0x00000006c4a00000, size: 4022 MB, Compressed Oops mode: Zero based, Oop shift amount: 3
Narrow klass base: 0x0000000000000000, Narrow klass shift: 3
Compressed class space size: 1073741824 Address: 0x00000007c0000000

Heap:
 PSYoungGen      total 75264K, used 1290K [0x000000076c380000, 0x0000000771780000, 0x00000007c0000000)
  eden space 64512K, 2% used [0x000000076c380000,0x000000076c4c2900,0x0000000770280000)
  from space 10752K, 0% used [0x0000000770d00000,0x0000000770d00000,0x0000000771780000)
  to   space 10752K, 0% used [0x0000000770280000,0x0000000770280000,0x0000000770d00000)
 ParOldGen       total 172032K, used 0K [0x00000006c4a00000, 0x00000006cf200000, 0x000000076c380000)
  object space 172032K, 0% used [0x00000006c4a00000,0x00000006c4a00000,0x00000006cf200000)
 Metaspace       used 753K, capacity 4480K, committed 4480K, reserved 1056768K
  class space    used 76K, capacity 384K, committed 384K, reserved 1048576K

Card table byte_map: [0x000001b47b680000,0x000001b47be60000] byte_map_base: 0x000001b47805b000

Marking Bits: (ParMarkBitMap*) 0x0000000064937fe0
 Begin Bits: [0x000001b40f000000, 0x000001b412ed8000)
 End Bits:   [0x000001b412ed8000, 0x000001b416db0000)

Polling page: 0x000001b47b290000

CodeCache: size=245760Kb used=328Kb max_used=328Kb free=245431Kb
 bounds [0x000001b400000000, 0x000001b400270000, 0x000001b40f000000]
 total_blobs=58 nmethods=0 adapters=38
 compilation: enabled

Compilation events (0 events):
No events

GC Heap History (0 events):
No events

Deoptimization events (0 events):
No events

Classes redefined (0 events):
No events

Internal exceptions (0 events):
No events

Events (10 events):
Event: 0.025 loading class java/lang/Short
Event: 0.025 loading class java/lang/Short done
Event: 0.025 loading class java/lang/Integer
Event: 0.025 loading class java/lang/Integer done
Event: 0.025 loading class java/lang/Long
Event: 0.025 loading class java/lang/Long done
Event: 0.025 loading class java/lang/NullPointerException
Event: 0.025 loading class java/lang/NullPointerException done
Event: 0.025 loading class java/lang/ArithmeticException
Event: 0.026 loading class java/lang/ArithmeticException done


Dynamic libraries:
0x00007ff61a6b0000 - 0x00007ff61a6f7000 	C:\Program Files (x86)\Common Files\Oracle\Java\javapath\java.exe
0x00007ff8100d0000 - 0x00007ff8102c5000 	C:\WINDOWS\SYSTEM32\ntdll.dll
0x00007ff80f690000 - 0x00007ff80f74d000 	C:\WINDOWS\System32\KERNEL32.DLL
0x00007ff80dc50000 - 0x00007ff80df19000 	C:\WINDOWS\System32\KERNELBASE.dll
0x00007ff80f410000 - 0x00007ff80f4bc000 	C:\WINDOWS\System32\ADVAPI32.dll
0x00007ff80e130000 - 0x00007ff80e1ce000 	C:\WINDOWS\System32\msvcrt.dll
0x00007ff80fa40000 - 0x00007ff80fadb000 	C:\WINDOWS\System32\sechost.dll
0x00007ff80f520000 - 0x00007ff80f64a000 	C:\WINDOWS\System32\RPCRT4.dll
0x00007ff80fcc0000 - 0x00007ff80fe60000 	C:\WINDOWS\System32\USER32.dll
0x00007ff80d9d0000 - 0x00007ff80d9f2000 	C:\WINDOWS\System32\win32u.dll
0x00007ff80f660000 - 0x00007ff80f68a000 	C:\WINDOWS\System32\GDI32.dll
0x00007ff80df20000 - 0x00007ff80e02b000 	C:\WINDOWS\System32\gdi32full.dll
0x00007ff80d900000 - 0x00007ff80d99d000 	C:\WINDOWS\System32\msvcp_win.dll
0x00007ff80d800000 - 0x00007ff80d900000 	C:\WINDOWS\System32\ucrtbase.dll
0x00007fffef5c0000 - 0x00007fffef85a000 	C:\WINDOWS\WinSxS\amd64_microsoft.windows.common-controls_6595b64144ccf1df_6.0.19041.1110_none_60b5254171f9507e\COMCTL32.dll
0x00007ff80fc30000 - 0x00007ff80fc60000 	C:\WINDOWS\System32\IMM32.DLL
0x00007fffe6760000 - 0x00007fffe6775000 	C:\Program Files\Java\jre1.8.0_301\bin\vcruntime140.dll
0x00007fffdf770000 - 0x00007fffdf80b000 	C:\Program Files\Java\jre1.8.0_301\bin\msvcp140.dll
0x0000000064150000 - 0x00000000649b0000 	C:\Program Files\Java\jre1.8.0_301\bin\server\jvm.dll
0x00007ff80f650000 - 0x00007ff80f658000 	C:\WINDOWS\System32\PSAPI.DLL
0x00007ffffbed0000 - 0x00007ffffbef7000 	C:\WINDOWS\SYSTEM32\WINMM.dll
0x00007ff8035a0000 - 0x00007ff8035aa000 	C:\WINDOWS\SYSTEM32\VERSION.dll
0x00007ff8005d0000 - 0x00007ff8005d9000 	C:\WINDOWS\SYSTEM32\WSOCK32.dll
0x00007ff80fae0000 - 0x00007ff80fb4b000 	C:\WINDOWS\System32\WS2_32.dll
0x00007ff80c090000 - 0x00007ff80c0a2000 	C:\WINDOWS\SYSTEM32\kernel.appcore.dll
0x00007ff8005b0000 - 0x00007ff8005c0000 	C:\Program Files\Java\jre1.8.0_301\bin\verify.dll
0x00007fffdf850000 - 0x00007fffdf87b000 	C:\Program Files\Java\jre1.8.0_301\bin\java.dll
0x00007fffe3d00000 - 0x00007fffe3d18000 	C:\Program Files\Java\jre1.8.0_301\bin\zip.dll
0x00007ff80b590000 - 0x00007ff80b774000 	C:\WINDOWS\SYSTEM32\dbghelp.dll
0x00007ff80db60000 - 0x00007ff80dbe3000 	C:\WINDOWS\System32\bcryptPrimitives.dll

VM Arguments:
java_command: basicJava
java_class_path (initial): .
Launcher Type: SUN_STANDARD

Environment Variables:
PATH=C:\Users\basha\bin;C:\Program Files\Git\mingw64\bin;C:\Program Files\Git\usr\local\bin;C:\Program Files\Git\usr\bin;C:\Program Files\Git\usr\bin;C:\Program Files\Git\mingw64\bin;C:\Program Files\Git\usr\bin;C:\Users\basha\bin;C:\Program Files (x86)\Common Files\Oracle\Java\javapath;C:\Python39\Scripts;C:\Python39;C:\windows\system32;C:\windows;C:\windows\System32\Wbem;C:\windows\System32\WindowsPowerShell\v1.0;C:\windows\System32\OpenSSH;C:\Program Files (x86)\NVIDIA Corporation\PhysX\Common;C:\Program Files\NVIDIA Corporation\NVIDIA NvDLISR;C:\WINDOWS\system32;C:\WINDOWS;C:\WINDOWS\System32\Wbem;C:\WINDOWS\System32\WindowsPowerShell\v1.0;C:\WINDOWS\System32\OpenSSH;C:\Program Files\Git\cmd;C:\Program Files\nodejs;C:\ProgramData\chocolatey\bin;C:\Program Files\Java\jdk1.8.0_301\bin;C:\Users\basha\AppData\Local\Programs\Python\Python36\Scripts;C:\Users\basha\AppData\Local\Programs\Python\Python36;C:\Users\basha\AppData\Local\Microsoft\WindowsApps;C:\Users\basha\AppData\Local\Programs\Microsoft VS Code\bin;C:\Users\basha\AppData\Local\GitHubDesktop\bin;C:\Users\basha\AppData\Roaming\npm;C:\Program Files\Java\jdk1.8.0_301\bin;C:\Program Files\Git\usr\bin\vendor_perl;C:\Program Files\Git\usr\bin\core_perl
USERNAME=basha
SHELL=C:\Program Files\Git\usr\bin\bash.exe
DISPLAY=needs-to-be-defined
OS=Windows_NT
PROCESSOR_IDENTIFIER=Intel64 Family 6 Model 165 Stepping 2, GenuineIntel



---------------  S Y S T E M  ---------------

OS: Windows 10.0 , 64 bit Build 19041 (10.0.19041.1151)

CPU:total 12 (initial active 12) (6 cores per cpu, 2 threads per core) family 6 model 165 stepping 2, cmov, cx8, fxsr, mmx, sse, sse2, sse3, ssse3, sse4.1, sse4.2, popcnt, avx, avx2, aes, clmul, erms, 3dnowpref, lzcnt, ht, tsc, tscinvbit, bmi1, bmi2, adx

Memory: 4k page, physical 16472736k(1962988k free), swap 66804384k(5448k free)

vm_info: Java HotSpot(TM) 64-Bit Server VM (25.301-b09) for windows-amd64 JRE (1.8.0_301-b09), built on Jun  9 2021 06:46:21 by "java_re" with MS VC++ 15.9 (VS2017)

time: Sun Sep  5 23:03:53 2021
timezone: Eastern Daylight Time
elapsed time: 0.064119 seconds (0d 0h 0m 0s)

